[ 06.11.2015 - 01:18:39 ]
    (MSG) [2] in SMILExtract : openSMILE starting!
[ 06.11.2015 - 01:18:39 ]
    (MSG) [2] in SMILExtract : config file is: /Users/callumc/Downloads/openSMILE-2.2rc1/config/gemaps/GeMAPSv01a.conf
[ 06.11.2015 - 01:18:39 ]
    (MSG) [2] in cComponentManager : successfully registered 99 component types.
[ 06.11.2015 - 01:18:39 ]
    (MSG) [2] in instance 'gemapsv01a_logSpectral' : logSpecFloor = -140.00  (specFloor = 1.000000e-14)
[ 06.11.2015 - 01:18:39 ]
    (MSG) [2] in instance 'lldsink' : No filename given, disabling this sink component.
[ 06.11.2015 - 01:18:39 ]
    (MSG) [2] in instance 'lldhtksink' : No filename given, disabling this sink component.
[ 06.11.2015 - 01:18:39 ]
    (MSG) [2] in instance 'csvsink' : No filename given, disabling this sink component.
[ 06.11.2015 - 01:18:39 ]
    (MSG) [2] in instance 'htksink' : No filename given, disabling this sink component.
[ 06.11.2015 - 01:18:39 ]
    (MSG) [2] in instance 'arffsink' : writing ARFF header (62 features)...
[ 06.11.2015 - 01:18:40 ]
    (MSG) [2] in cComponentManager : successfully finished createInstances
                                 (55 component instances were finalised, 1 data memories were finalised)
[ 06.11.2015 - 01:18:40 ]
    (MSG) [2] in cComponentManager : starting single thread processing loop
[ 06.11.2015 - 01:18:40 ]
    (MSG) [2] in cComponentManager : Processing finished! System ran for 63 ticks.
