This file contains any messages produced by compilers while
running configure, to aid debugging if configure makes a mistake.

It was created by openSMILE configure 2.0.0, which was
generated by GNU Autoconf 2.69.  Invocation command line was

  $ ./configure 

## --------- ##
## Platform. ##
## --------- ##

hostname = Callums-Air.home
uname -m = x86_64
uname -r = 15.0.0
uname -s = Darwin
uname -v = Darwin Kernel Version 15.0.0: Sat Sep 19 15:53:46 PDT 2015; root:xnu-3247.10.11~1/RELEASE_X86_64

/usr/bin/uname -p = i386
/bin/uname -X     = unknown

/bin/arch              = unknown
/usr/bin/arch -k       = unknown
/usr/convex/getsysinfo = unknown
/usr/bin/hostinfo      = Mach kernel version:
	 Darwin Kernel Version 15.0.0: Sat Sep 19 15:53:46 PDT 2015; root:xnu-3247.10.11~1/RELEASE_X86_64
Kernel configured for up to 4 processors.
2 processors are physically available.
4 processors are logically available.
Processor type: x86_64h (Intel x86-64h Haswell)
Processors active: 0 1 2 3
Primary memory available: 8.00 gigabytes
Default processor set: 237 tasks, 981 threads, 4 processors
Load average: 1.67, Mach factor: 2.32
/bin/machine           = unknown
/usr/bin/oslevel       = unknown
/bin/universe          = unknown

PATH: /Library/Frameworks/Python.framework/Versions/2.7/bin
PATH: /Library/Frameworks/Python.framework/Versions/3.5/bin
PATH: /usr/local/bin
PATH: /usr/local/bin
PATH: /usr/bin
PATH: /bin
PATH: /usr/sbin
PATH: /sbin


## ----------- ##
## Core tests. ##
## ----------- ##

configure:2526: checking for a BSD-compatible install
configure:2594: result: /usr/bin/install -c
configure:2605: checking whether build environment is sane
configure:2660: result: yes
configure:2811: checking for a thread-safe mkdir -p
configure:2850: result: ./install-sh -c -d
configure:2857: checking for gawk
configure:2887: result: no
configure:2857: checking for mawk
configure:2887: result: no
configure:2857: checking for nawk
configure:2887: result: no
configure:2857: checking for awk
configure:2873: found /usr/bin/awk
configure:2884: result: awk
configure:2895: checking whether make sets $(MAKE)
configure:2917: result: yes
configure:2946: checking whether make supports nested variables
configure:2963: result: yes
configure:3140: checking for gcc
configure:3156: found /usr/bin/gcc
configure:3167: result: gcc
configure:3396: checking for C compiler version
configure:3405: gcc --version >&5
Apple LLVM version 7.0.0 (clang-700.1.76)
Target: x86_64-apple-darwin15.0.0
Thread model: posix
Configured with: --prefix=/Library/Developer/CommandLineTools/usr --with-gxx-include-dir=/usr/include/c++/4.2.1
configure:3416: $? = 0
configure:3405: gcc -v >&5
Configured with: --prefix=/Library/Developer/CommandLineTools/usr --with-gxx-include-dir=/usr/include/c++/4.2.1
Apple LLVM version 7.0.0 (clang-700.1.76)
Target: x86_64-apple-darwin15.0.0
Thread model: posix
configure:3416: $? = 0
configure:3405: gcc -V >&5
clang: error: argument to '-V' is missing (expected 1 value)
clang: error: no input files
configure:3416: $? = 1
configure:3405: gcc -qversion >&5
clang: error: unknown argument: '-qversion'
clang: error: no input files
configure:3416: $? = 1
configure:3436: checking whether the C compiler works
configure:3458: gcc    conftest.c  >&5
configure:3462: $? = 0
configure:3510: result: yes
configure:3513: checking for C compiler default output file name
configure:3515: result: a.out
configure:3521: checking for suffix of executables
configure:3528: gcc -o conftest    conftest.c  >&5
configure:3532: $? = 0
configure:3554: result: 
configure:3576: checking whether we are cross compiling
configure:3584: gcc -o conftest    conftest.c  >&5
configure:3588: $? = 0
configure:3595: ./conftest
configure:3599: $? = 0
configure:3614: result: no
configure:3619: checking for suffix of object files
configure:3641: gcc -c   conftest.c >&5
configure:3645: $? = 0
configure:3666: result: o
configure:3670: checking whether we are using the GNU C compiler
configure:3689: gcc -c   conftest.c >&5
configure:3689: $? = 0
configure:3698: result: yes
configure:3707: checking whether gcc accepts -g
configure:3727: gcc -c -g  conftest.c >&5
configure:3727: $? = 0
configure:3768: result: yes
configure:3785: checking for gcc option to accept ISO C89
configure:3848: gcc  -c -g -O2  conftest.c >&5
configure:3848: $? = 0
configure:3861: result: none needed
configure:3886: checking whether gcc understands -c and -o together
configure:3908: gcc -c conftest.c -o conftest2.o
configure:3911: $? = 0
configure:3908: gcc -c conftest.c -o conftest2.o
configure:3911: $? = 0
configure:3923: result: yes
configure:3951: checking for style of include used by make
configure:3979: result: GNU
configure:4005: checking dependency style of gcc
configure:4116: result: gcc3
configure:4189: checking for g++
configure:4205: found /usr/bin/g++
configure:4216: result: g++
configure:4243: checking for C++ compiler version
configure:4252: g++ --version >&5
Apple LLVM version 7.0.0 (clang-700.1.76)
Target: x86_64-apple-darwin15.0.0
Thread model: posix
Configured with: --prefix=/Library/Developer/CommandLineTools/usr --with-gxx-include-dir=/usr/include/c++/4.2.1
configure:4263: $? = 0
configure:4252: g++ -v >&5
Configured with: --prefix=/Library/Developer/CommandLineTools/usr --with-gxx-include-dir=/usr/include/c++/4.2.1
Apple LLVM version 7.0.0 (clang-700.1.76)
Target: x86_64-apple-darwin15.0.0
Thread model: posix
configure:4263: $? = 0
configure:4252: g++ -V >&5
clang: error: argument to '-V' is missing (expected 1 value)
clang: error: no input files
configure:4263: $? = 1
configure:4252: g++ -qversion >&5
clang: error: unknown argument: '-qversion'
clang: error: no input files
configure:4263: $? = 1
configure:4267: checking whether we are using the GNU C++ compiler
configure:4286: g++ -c   conftest.cpp >&5
configure:4286: $? = 0
configure:4295: result: yes
configure:4304: checking whether g++ accepts -g
configure:4324: g++ -c -g  conftest.cpp >&5
configure:4324: $? = 0
configure:4365: result: yes
configure:4390: checking dependency style of g++
configure:4501: result: gcc3
configure:4546: checking build system type
configure:4560: result: x86_64-apple-darwin15.0.0
configure:4580: checking host system type
configure:4593: result: x86_64-apple-darwin15.0.0
configure:4634: checking how to print strings
configure:4661: result: printf
configure:4682: checking for a sed that does not truncate output
configure:4746: result: /usr/bin/sed
configure:4764: checking for grep that handles long lines and -e
configure:4822: result: /usr/bin/grep
configure:4827: checking for egrep
configure:4889: result: /usr/bin/grep -E
configure:4894: checking for fgrep
configure:4956: result: /usr/bin/grep -F
configure:4991: checking for ld used by gcc
configure:5058: result: /Library/Developer/CommandLineTools/usr/bin/ld
configure:5065: checking if the linker (/Library/Developer/CommandLineTools/usr/bin/ld) is GNU ld
configure:5080: result: no
configure:5092: checking for BSD- or MS-compatible name lister (nm)
configure:5146: result: /usr/bin/nm
configure:5276: checking the name lister (/usr/bin/nm) interface
configure:5283: gcc -c -g -O2  conftest.c >&5
configure:5286: /usr/bin/nm "conftest.o"
configure:5289: output
00000000000001f8 S _some_variable
configure:5296: result: BSD nm
configure:5299: checking whether ln -s works
configure:5303: result: yes
configure:5311: checking the maximum length of command line arguments
configure:5442: result: 196608
configure:5490: checking how to convert x86_64-apple-darwin15.0.0 file names to x86_64-apple-darwin15.0.0 format
configure:5530: result: func_convert_file_noop
configure:5537: checking how to convert x86_64-apple-darwin15.0.0 file names to toolchain format
configure:5557: result: func_convert_file_noop
configure:5564: checking for /Library/Developer/CommandLineTools/usr/bin/ld option to reload object files
configure:5571: result: -r
configure:5645: checking for objdump
configure:5675: result: no
configure:5704: checking how to recognize dependent libraries
configure:5904: result: pass_all
configure:5989: checking for dlltool
configure:6019: result: no
configure:6049: checking how to associate runtime and link libraries
configure:6076: result: printf %s\n
configure:6137: checking for ar
configure:6153: found /usr/bin/ar
configure:6164: result: ar
configure:6201: checking for archiver @FILE support
configure:6218: gcc -c -g -O2  conftest.c >&5
configure:6218: $? = 0
configure:6221: ar cru libconftest.a @conftest.lst >&5
ar: @conftest.lst: No such file or directory
configure:6224: $? = 1
configure:6244: result: no
configure:6302: checking for strip
configure:6318: found /usr/bin/strip
configure:6329: result: strip
configure:6401: checking for ranlib
configure:6417: found /usr/bin/ranlib
configure:6428: result: ranlib
configure:6530: checking command to parse /usr/bin/nm output from gcc object
configure:6683: gcc -c -g -O2  conftest.c >&5
configure:6686: $? = 0
configure:6690: /usr/bin/nm conftest.o \| sed -n -e 's/^.*[ ]\([BCDEGRST][BCDEGRST]*\)[ ][ ]*\([_A-Za-z][_A-Za-z0-9]*\)$/\1 \2 \2/p' | sed '/ __gnu_lto/d' \> conftest.nm
configure:6693: $? = 0
cannot find nm_test_var in conftest.nm
configure:6683: gcc -c -g -O2  conftest.c >&5
configure:6686: $? = 0
configure:6690: /usr/bin/nm conftest.o \| sed -n -e 's/^.*[ ]\([BCDEGRST][BCDEGRST]*\)[ ][ ]*_\([_A-Za-z][_A-Za-z0-9]*\)$/\1 _\2 \2/p' | sed '/ __gnu_lto/d' \> conftest.nm
configure:6693: $? = 0
configure:6759: gcc -o conftest -g -O2   conftest.c conftstm.o >&5
warning: (x86_64)  could not find object file symbol for symbol _main
configure:6762: $? = 0
configure:6800: result: ok
configure:6847: checking for sysroot
configure:6877: result: no
configure:6884: checking for a working dd
configure:6922: result: /bin/dd
configure:6926: checking how to truncate binary pipes
configure:6941: result: /bin/dd bs=4096 count=1
configure:7270: checking for mt
configure:7300: result: no
configure:7320: checking if : is a manifest tool
configure:7326: : '-?'
configure:7334: result: no
configure:7390: checking for dsymutil
configure:7406: found /usr/bin/dsymutil
configure:7417: result: dsymutil
configure:7482: checking for nmedit
configure:7498: found /usr/bin/nmedit
configure:7509: result: nmedit
configure:7574: checking for lipo
configure:7590: found /usr/bin/lipo
configure:7601: result: lipo
configure:7666: checking for otool
configure:7682: found /usr/bin/otool
configure:7693: result: otool
configure:7758: checking for otool64
configure:7788: result: no
configure:7833: checking for -single_module linker flag
gcc -g -O2  -o libconftest.dylib -dynamiclib -Wl,-single_module conftest.c
configure:7866: result: yes
configure:7869: checking for -exported_symbols_list linker flag
configure:7889: gcc -o conftest -g -O2   -Wl,-exported_symbols_list,conftest.sym conftest.c  >&5
configure:7889: $? = 0
configure:7899: result: yes
configure:7902: checking for -force_load linker flag
gcc -g -O2 -c -o conftest.o conftest.c
ar cru libconftest.a conftest.o
ranlib libconftest.a
gcc -g -O2  -o conftest conftest.c -Wl,-force_load,./libconftest.a
configure:7934: result: yes
configure:8011: checking how to run the C preprocessor
configure:8042: gcc -E  conftest.c
configure:8042: $? = 0
configure:8056: gcc -E  conftest.c
conftest.c:11:10: fatal error: 'ac_nonexistent.h' file not found
#include <ac_nonexistent.h>
         ^
1 error generated.
configure:8056: $? = 1
configure: failed program was:
| /* confdefs.h */
| #define PACKAGE_NAME "openSMILE"
| #define PACKAGE_TARNAME "opensmile"
| #define PACKAGE_VERSION "2.0.0"
| #define PACKAGE_STRING "openSMILE 2.0.0"
| #define PACKAGE_BUGREPORT ""
| #define PACKAGE_URL ""
| #define PACKAGE "opensmile"
| #define VERSION "2.0.0"
| /* end confdefs.h.  */
| #include <ac_nonexistent.h>
configure:8081: result: gcc -E
configure:8101: gcc -E  conftest.c
configure:8101: $? = 0
configure:8115: gcc -E  conftest.c
conftest.c:11:10: fatal error: 'ac_nonexistent.h' file not found
#include <ac_nonexistent.h>
         ^
1 error generated.
configure:8115: $? = 1
configure: failed program was:
| /* confdefs.h */
| #define PACKAGE_NAME "openSMILE"
| #define PACKAGE_TARNAME "opensmile"
| #define PACKAGE_VERSION "2.0.0"
| #define PACKAGE_STRING "openSMILE 2.0.0"
| #define PACKAGE_BUGREPORT ""
| #define PACKAGE_URL ""
| #define PACKAGE "opensmile"
| #define VERSION "2.0.0"
| /* end confdefs.h.  */
| #include <ac_nonexistent.h>
configure:8144: checking for ANSI C header files
configure:8164: gcc -c -g -O2  conftest.c >&5
configure:8164: $? = 0
configure:8237: gcc -o conftest -g -O2   conftest.c  >&5
configure:8237: $? = 0
configure:8237: ./conftest
configure:8237: $? = 0
configure:8248: result: yes
configure:8261: checking for sys/types.h
configure:8261: gcc -c -g -O2  conftest.c >&5
configure:8261: $? = 0
configure:8261: result: yes
configure:8261: checking for sys/stat.h
configure:8261: gcc -c -g -O2  conftest.c >&5
configure:8261: $? = 0
configure:8261: result: yes
configure:8261: checking for stdlib.h
configure:8261: gcc -c -g -O2  conftest.c >&5
configure:8261: $? = 0
configure:8261: result: yes
configure:8261: checking for string.h
configure:8261: gcc -c -g -O2  conftest.c >&5
configure:8261: $? = 0
configure:8261: result: yes
configure:8261: checking for memory.h
configure:8261: gcc -c -g -O2  conftest.c >&5
configure:8261: $? = 0
configure:8261: result: yes
configure:8261: checking for strings.h
configure:8261: gcc -c -g -O2  conftest.c >&5
configure:8261: $? = 0
configure:8261: result: yes
configure:8261: checking for inttypes.h
configure:8261: gcc -c -g -O2  conftest.c >&5
configure:8261: $? = 0
configure:8261: result: yes
configure:8261: checking for stdint.h
configure:8261: gcc -c -g -O2  conftest.c >&5
configure:8261: $? = 0
configure:8261: result: yes
configure:8261: checking for unistd.h
configure:8261: gcc -c -g -O2  conftest.c >&5
configure:8261: $? = 0
configure:8261: result: yes
configure:8275: checking for dlfcn.h
configure:8275: gcc -c -g -O2  conftest.c >&5
configure:8275: $? = 0
configure:8275: result: yes
configure:8542: checking for objdir
configure:8557: result: .libs
configure:8821: checking if gcc supports -fno-rtti -fno-exceptions
configure:8839: gcc -c -g -O2  -fno-rtti -fno-exceptions conftest.c >&5
configure:8843: $? = 0
configure:8856: result: yes
configure:9214: checking for gcc option to produce PIC
configure:9221: result: -fno-common -DPIC
configure:9229: checking if gcc PIC flag -fno-common -DPIC works
configure:9247: gcc -c -g -O2  -fno-common -DPIC -DPIC conftest.c >&5
configure:9251: $? = 0
configure:9264: result: yes
configure:9293: checking if gcc static flag -static works
configure:9321: result: no
configure:9336: checking if gcc supports -c -o file.o
configure:9357: gcc -c -g -O2  -o out/conftest2.o conftest.c >&5
configure:9361: $? = 0
configure:9383: result: yes
configure:9391: checking if gcc supports -c -o file.o
configure:9438: result: yes
configure:9471: checking whether the gcc linker (/Library/Developer/CommandLineTools/usr/bin/ld) supports shared libraries
configure:10730: result: yes
configure:10970: checking dynamic linker characteristics
configure:11788: result: darwin15.0.0 dyld
configure:11910: checking how to hardcode library paths into programs
configure:11935: result: immediate
configure:12483: checking whether stripping libraries is possible
configure:12497: result: yes
configure:12523: checking if libtool supports shared libraries
configure:12525: result: yes
configure:12528: checking whether to build shared libraries
configure:12553: result: yes
configure:12556: checking whether to build static libraries
configure:12560: result: yes
configure:12583: checking how to run the C++ preprocessor
configure:12610: g++ -E  conftest.cpp
configure:12610: $? = 0
configure:12624: g++ -E  conftest.cpp
conftest.cpp:23:10: fatal error: 'ac_nonexistent.h' file not found
#include <ac_nonexistent.h>
         ^
1 error generated.
configure:12624: $? = 1
configure: failed program was:
| /* confdefs.h */
| #define PACKAGE_NAME "openSMILE"
| #define PACKAGE_TARNAME "opensmile"
| #define PACKAGE_VERSION "2.0.0"
| #define PACKAGE_STRING "openSMILE 2.0.0"
| #define PACKAGE_BUGREPORT ""
| #define PACKAGE_URL ""
| #define PACKAGE "opensmile"
| #define VERSION "2.0.0"
| #define STDC_HEADERS 1
| #define HAVE_SYS_TYPES_H 1
| #define HAVE_SYS_STAT_H 1
| #define HAVE_STDLIB_H 1
| #define HAVE_STRING_H 1
| #define HAVE_MEMORY_H 1
| #define HAVE_STRINGS_H 1
| #define HAVE_INTTYPES_H 1
| #define HAVE_STDINT_H 1
| #define HAVE_UNISTD_H 1
| #define HAVE_DLFCN_H 1
| #define LT_OBJDIR ".libs/"
| /* end confdefs.h.  */
| #include <ac_nonexistent.h>
configure:12649: result: g++ -E
configure:12669: g++ -E  conftest.cpp
configure:12669: $? = 0
configure:12683: g++ -E  conftest.cpp
conftest.cpp:23:10: fatal error: 'ac_nonexistent.h' file not found
#include <ac_nonexistent.h>
         ^
1 error generated.
configure:12683: $? = 1
configure: failed program was:
| /* confdefs.h */
| #define PACKAGE_NAME "openSMILE"
| #define PACKAGE_TARNAME "opensmile"
| #define PACKAGE_VERSION "2.0.0"
| #define PACKAGE_STRING "openSMILE 2.0.0"
| #define PACKAGE_BUGREPORT ""
| #define PACKAGE_URL ""
| #define PACKAGE "opensmile"
| #define VERSION "2.0.0"
| #define STDC_HEADERS 1
| #define HAVE_SYS_TYPES_H 1
| #define HAVE_SYS_STAT_H 1
| #define HAVE_STDLIB_H 1
| #define HAVE_STRING_H 1
| #define HAVE_MEMORY_H 1
| #define HAVE_STRINGS_H 1
| #define HAVE_INTTYPES_H 1
| #define HAVE_STDINT_H 1
| #define HAVE_UNISTD_H 1
| #define HAVE_DLFCN_H 1
| #define LT_OBJDIR ".libs/"
| /* end confdefs.h.  */
| #include <ac_nonexistent.h>
configure:12845: checking for ld used by g++
configure:12912: result: /Library/Developer/CommandLineTools/usr/bin/ld
configure:12919: checking if the linker (/Library/Developer/CommandLineTools/usr/bin/ld) is GNU ld
configure:12934: result: no
configure:12989: checking whether the g++ linker (/Library/Developer/CommandLineTools/usr/bin/ld) supports shared libraries
configure:14062: result: yes
configure:14098: g++ -c -g -O2  conftest.cpp >&5
configure:14101: $? = 0
configure:14582: checking for g++ option to produce PIC
configure:14589: result: -fno-common -DPIC
configure:14597: checking if g++ PIC flag -fno-common -DPIC works
configure:14615: g++ -c -g -O2  -fno-common -DPIC -DPIC conftest.cpp >&5
configure:14619: $? = 0
configure:14632: result: yes
configure:14655: checking if g++ static flag -static works
configure:14683: result: no
configure:14695: checking if g++ supports -c -o file.o
configure:14716: g++ -c -g -O2  -o out/conftest2.o conftest.cpp >&5
configure:14720: $? = 0
configure:14742: result: yes
configure:14747: checking if g++ supports -c -o file.o
configure:14794: result: yes
configure:14824: checking whether the g++ linker (/Library/Developer/CommandLineTools/usr/bin/ld) supports shared libraries
configure:14864: result: yes
configure:15005: checking dynamic linker characteristics
configure:15750: result: darwin15.0.0 dyld
configure:15815: checking how to hardcode library paths into programs
configure:15840: result: immediate
configure:15936: checking for libsemaineapi
configure:15957: result: no
configure:15959: WARNING: LibSemaineAPI not found!! Configuring only standalone feature extractor
configure:16047: checking for Pa_Initialize in -lportaudio
configure:16072: gcc -o conftest -g -O2   conftest.c -lportaudio   >&5
configure:16072: $? = 0
configure:16081: result: yes
configure:16084: checking portaudio.h usability
configure:16084: gcc -c -g -O2  conftest.c >&5
configure:16084: $? = 0
configure:16084: result: yes
configure:16084: checking portaudio.h presence
configure:16084: gcc -E  conftest.c
configure:16084: $? = 0
configure:16084: result: yes
configure:16084: checking for portaudio.h
configure:16084: result: yes
configure:16092: checking for Pa_GetHostApiCount in -lportaudio
configure:16117: gcc -o conftest -g -O2   conftest.c -lportaudio   >&5
configure:16117: $? = 0
configure:16126: result: yes
configure:16493: checking for the pthreads library -lpthreads
configure:16526: gcc -o conftest -g -O2    conftest.c -lpthreads  >&5
ld: library not found for -lpthreads
clang: error: linker command failed with exit code 1 (use -v to see invocation)
configure:16526: $? = 1
configure: failed program was:
| /* confdefs.h */
| #define PACKAGE_NAME "openSMILE"
| #define PACKAGE_TARNAME "opensmile"
| #define PACKAGE_VERSION "2.0.0"
| #define PACKAGE_STRING "openSMILE 2.0.0"
| #define PACKAGE_BUGREPORT ""
| #define PACKAGE_URL ""
| #define PACKAGE "opensmile"
| #define VERSION "2.0.0"
| #define STDC_HEADERS 1
| #define HAVE_SYS_TYPES_H 1
| #define HAVE_SYS_STAT_H 1
| #define HAVE_STDLIB_H 1
| #define HAVE_STRING_H 1
| #define HAVE_MEMORY_H 1
| #define HAVE_STRINGS_H 1
| #define HAVE_INTTYPES_H 1
| #define HAVE_STDINT_H 1
| #define HAVE_UNISTD_H 1
| #define HAVE_DLFCN_H 1
| #define LT_OBJDIR ".libs/"
| #define HAVE_PORTAUDIO 1
| #define HAVE_PORTAUDIO_V19 1
| /* end confdefs.h.  */
| #include <pthread.h>
| int
| main ()
| {
| pthread_t th; pthread_join(th, 0);
|                      pthread_attr_init(0); pthread_cleanup_push(0, 0);
|                      pthread_create(0,0,0,0); pthread_cleanup_pop(0);
|   ;
|   return 0;
| }
configure:16535: result: no
configure:16438: checking whether pthreads work without any flags
configure:16526: gcc -o conftest -g -O2    conftest.c   >&5
configure:16526: $? = 0
configure:16535: result: yes
configure:16554: checking for joinable pthread attribute
configure:16569: gcc -o conftest -g -O2    conftest.c   >&5
configure:16569: $? = 0
configure:16575: result: PTHREAD_CREATE_JOINABLE
configure:16585: checking if more special flags are required for pthreads
configure:16592: result: -D_THREAD_SAFE
configure:16752: WARNING: Disabling target SEMAINExtract beacuse libsemaineapi was not found or is not useable
configure:16982: checking that generated files are newer than configure
configure:16988: result: done
configure:17039: creating ./config.status

## ---------------------- ##
## Running config.status. ##
## ---------------------- ##

This file was extended by openSMILE config.status 2.0.0, which was
generated by GNU Autoconf 2.69.  Invocation command line was

  CONFIG_FILES    = 
  CONFIG_HEADERS  = 
  CONFIG_LINKS    = 
  CONFIG_COMMANDS = 
  $ ./config.status 

on Callums-Air.home

config.status:1180: creating Makefile
config.status:1180: creating config.h
config.status:1361: config.h is unchanged
config.status:1409: executing depfiles commands
config.status:1409: executing libtool commands

## ---------------- ##
## Cache variables. ##
## ---------------- ##

ac_cv_build=x86_64-apple-darwin15.0.0
ac_cv_c_compiler_gnu=yes
ac_cv_cxx_compiler_gnu=yes
ac_cv_env_CCC_set=
ac_cv_env_CCC_value=
ac_cv_env_CC_set=
ac_cv_env_CC_value=
ac_cv_env_CFLAGS_set=
ac_cv_env_CFLAGS_value=
ac_cv_env_CPPFLAGS_set=
ac_cv_env_CPPFLAGS_value=
ac_cv_env_CPP_set=
ac_cv_env_CPP_value=
ac_cv_env_CXXCPP_set=
ac_cv_env_CXXCPP_value=
ac_cv_env_CXXFLAGS_set=
ac_cv_env_CXXFLAGS_value=
ac_cv_env_CXX_set=
ac_cv_env_CXX_value=
ac_cv_env_LDFLAGS_set=
ac_cv_env_LDFLAGS_value=
ac_cv_env_LIBS_set=
ac_cv_env_LIBS_value=
ac_cv_env_LT_SYS_LIBRARY_PATH_set=
ac_cv_env_LT_SYS_LIBRARY_PATH_value=
ac_cv_env_build_alias_set=
ac_cv_env_build_alias_value=
ac_cv_env_host_alias_set=
ac_cv_env_host_alias_value=
ac_cv_env_target_alias_set=
ac_cv_env_target_alias_value=
ac_cv_header_dlfcn_h=yes
ac_cv_header_inttypes_h=yes
ac_cv_header_memory_h=yes
ac_cv_header_portaudio_h=yes
ac_cv_header_stdc=yes
ac_cv_header_stdint_h=yes
ac_cv_header_stdlib_h=yes
ac_cv_header_string_h=yes
ac_cv_header_strings_h=yes
ac_cv_header_sys_stat_h=yes
ac_cv_header_sys_types_h=yes
ac_cv_header_unistd_h=yes
ac_cv_host=x86_64-apple-darwin15.0.0
ac_cv_lib_portaudio_Pa_GetHostApiCount=yes
ac_cv_lib_portaudio_Pa_Initialize=yes
ac_cv_objext=o
ac_cv_path_EGREP='/usr/bin/grep -E'
ac_cv_path_FGREP='/usr/bin/grep -F'
ac_cv_path_GREP=/usr/bin/grep
ac_cv_path_SED=/usr/bin/sed
ac_cv_path_install='/usr/bin/install -c'
ac_cv_path_lt_DD=/bin/dd
ac_cv_prog_AWK=awk
ac_cv_prog_CPP='gcc -E'
ac_cv_prog_CXXCPP='g++ -E'
ac_cv_prog_ac_ct_AR=ar
ac_cv_prog_ac_ct_CC=gcc
ac_cv_prog_ac_ct_CXX=g++
ac_cv_prog_ac_ct_DSYMUTIL=dsymutil
ac_cv_prog_ac_ct_LIPO=lipo
ac_cv_prog_ac_ct_NMEDIT=nmedit
ac_cv_prog_ac_ct_OTOOL=otool
ac_cv_prog_ac_ct_RANLIB=ranlib
ac_cv_prog_ac_ct_STRIP=strip
ac_cv_prog_cc_c89=
ac_cv_prog_cc_g=yes
ac_cv_prog_cxx_g=yes
ac_cv_prog_make_make_set=yes
am_cv_CC_dependencies_compiler_type=gcc3
am_cv_CXX_dependencies_compiler_type=gcc3
am_cv_make_support_nested_variables=yes
am_cv_prog_cc_c_o=yes
lt_cv_apple_cc_single_mod=yes
lt_cv_ar_at_file=no
lt_cv_deplibs_check_method=pass_all
lt_cv_file_magic_cmd='$MAGIC_CMD'
lt_cv_file_magic_test_file=
lt_cv_ld_exported_symbols_list=yes
lt_cv_ld_force_load=yes
lt_cv_ld_reload_flag=-r
lt_cv_nm_interface='BSD nm'
lt_cv_objdir=.libs
lt_cv_path_LD=/Library/Developer/CommandLineTools/usr/bin/ld
lt_cv_path_LDCXX=/Library/Developer/CommandLineTools/usr/bin/ld
lt_cv_path_NM=/usr/bin/nm
lt_cv_path_mainfest_tool=no
lt_cv_prog_compiler_c_o=yes
lt_cv_prog_compiler_c_o_CXX=yes
lt_cv_prog_compiler_pic='-fno-common -DPIC'
lt_cv_prog_compiler_pic_CXX='-fno-common -DPIC'
lt_cv_prog_compiler_pic_works=yes
lt_cv_prog_compiler_pic_works_CXX=yes
lt_cv_prog_compiler_rtti_exceptions=yes
lt_cv_prog_compiler_static_works=no
lt_cv_prog_compiler_static_works_CXX=no
lt_cv_prog_gnu_ld=no
lt_cv_prog_gnu_ldcxx=no
lt_cv_sharedlib_from_linklib_cmd='printf %s\n'
lt_cv_sys_global_symbol_pipe='sed -n -e '\''s/^.*[	 ]\([BCDEGRST][BCDEGRST]*\)[	 ][	 ]*_\([_A-Za-z][_A-Za-z0-9]*\)$/\1 _\2 \2/p'\'' | sed '\''/ __gnu_lto/d'\'''
lt_cv_sys_global_symbol_to_c_name_address='sed -n -e '\''s/^: \(.*\) .*$/  {"\1", (void *) 0},/p'\'' -e '\''s/^[BCDEGRST][BCDEGRST]* .* \(.*\)$/  {"\1", (void *) \&\1},/p'\'''
lt_cv_sys_global_symbol_to_c_name_address_lib_prefix='sed -n -e '\''s/^: \(.*\) .*$/  {"\1", (void *) 0},/p'\'' -e '\''s/^[BCDEGRST][BCDEGRST]* .* \(lib.*\)$/  {"\1", (void *) \&\1},/p'\'' -e '\''s/^[BCDEGRST][BCDEGRST]* .* \(.*\)$/  {"lib\1", (void *) \&\1},/p'\'''
lt_cv_sys_global_symbol_to_cdecl='sed -n -e '\''s/^T .* \(.*\)$/extern int \1();/p'\'' -e '\''s/^[BCDEGRST][BCDEGRST]* .* \(.*\)$/extern char \1;/p'\'''
lt_cv_sys_global_symbol_to_import=
lt_cv_sys_max_cmd_len=196608
lt_cv_to_host_file_cmd=func_convert_file_noop
lt_cv_to_tool_file_cmd=func_convert_file_noop
lt_cv_truncate_bin='/bin/dd bs=4096 count=1'

## ----------------- ##
## Output variables. ##
## ----------------- ##

ACLOCAL='${SHELL} /Users/callumc/Downloads/openSMILE-2.2rc1/missing aclocal-1.15'
AMDEPBACKSLASH='\'
AMDEP_FALSE='#'
AMDEP_TRUE=''
AMTAR='$${TAR-tar}'
AM_BACKSLASH='\'
AM_DEFAULT_V='$(AM_DEFAULT_VERBOSITY)'
AM_DEFAULT_VERBOSITY='1'
AM_V='$(V)'
ANDROID_LDFLAGS=''
AR='ar'
AUTOCONF='${SHELL} /Users/callumc/Downloads/openSMILE-2.2rc1/missing autoconf'
AUTOHEADER='${SHELL} /Users/callumc/Downloads/openSMILE-2.2rc1/missing autoheader'
AUTOMAKE='${SHELL} /Users/callumc/Downloads/openSMILE-2.2rc1/missing automake-1.15'
AWK='awk'
BUILD_SEMAINExtract_FALSE=''
BUILD_SEMAINExtract_TRUE='#'
BUILD_SMILErec_FALSE=''
BUILD_SMILErec_TRUE='#'
BUILD_SMILEsync_FALSE=''
BUILD_SMILEsync_TRUE='#'
BUILD_SMILExtract_FALSE='#'
BUILD_SMILExtract_TRUE=''
BUILD_audiorecorder_FALSE=''
BUILD_audiorecorder_TRUE='#'
BUILD_audiosplit_FALSE=''
BUILD_audiosplit_TRUE='#'
CC='gcc'
CCDEPMODE='depmode=gcc3'
CFLAGS='-g -O2'
CPP='gcc -E'
CPPFLAGS=''
CXX='g++'
CXXCPP='g++ -E'
CXXDEPMODE='depmode=gcc3'
CXXFLAGS='-g -O2'
CYGPATH_W='echo'
DEFS='-DHAVE_CONFIG_H'
DEPDIR='.deps'
DLIB='-ldl'
DLLTOOL='false'
DSYMUTIL='dsymutil'
DUMPBIN=''
ECHO_C='\c'
ECHO_N=''
ECHO_T=''
EGREP='/usr/bin/grep -E'
EXEEXT=''
FGREP='/usr/bin/grep -F'
GREP='/usr/bin/grep'
INSTALL_DATA='${INSTALL} -m 644'
INSTALL_PROGRAM='${INSTALL}'
INSTALL_SCRIPT='${INSTALL}'
INSTALL_STRIP_PROGRAM='$(install_sh) -c -s'
LD='/Library/Developer/CommandLineTools/usr/bin/ld'
LDFLAGS=''
LIBOBJS=''
LIBS=''
LIBTOOL='$(SHELL) $(top_builddir)/libtool'
LIPO='lipo'
LN_S='ln -s'
LTLIBOBJS=''
LT_SYS_LIBRARY_PATH=''
MAKEINFO='${SHELL} /Users/callumc/Downloads/openSMILE-2.2rc1/missing makeinfo'
MANIFEST_TOOL=':'
MKDIR_P='./install-sh -c -d'
NM='/usr/bin/nm'
NMEDIT='nmedit'
OBJDUMP='false'
OBJEXT='o'
OPENCV_CPPFLAGS=''
OPENCV_LDFLAGS=''
OPENCV_ROOT='no'
OTOOL64=':'
OTOOL='otool'
PACKAGE='opensmile'
PACKAGE_BUGREPORT=''
PACKAGE_NAME='openSMILE'
PACKAGE_STRING='openSMILE 2.0.0'
PACKAGE_TARNAME='opensmile'
PACKAGE_URL=''
PACKAGE_VERSION='2.0.0'
PATH_SEPARATOR=':'
PORTAUDIO_CPPFLAGS='-I/usr/include'
PORTAUDIO_LDFLAGS='-L/usr/local/Cellar/portaudio/19.20140130/lib -lportaudio -framework CoreAudio -framework AudioToolbox -framework AudioUnit -framework Carbon '
PORTAUDIO_ROOT='/usr'
PTHREAD_CC='gcc'
PTHREAD_CFLAGS='-D_THREAD_SAFE '
PTHREAD_LIBS=''
RANLIB='ranlib'
RTNNLLIB_CFLAGS=''
RTNNLLIB_LIBS=''
RTNNLLIB_PREFIX=''
SED='/usr/bin/sed'
SEMAINEAPI_CPPFLAGS=''
SEMAINEAPI_LDFLAGS=''
SEMAINEAPI_ROOT='/Users/callumc'
SET_MAKE=''
SHELL='/bin/sh'
STRIP='strip'
VERSION='2.0.0'
ac_ct_AR='ar'
ac_ct_CC='gcc'
ac_ct_CXX='g++'
ac_ct_DUMPBIN=''
acx_pthread_config=''
am__EXEEXT_FALSE=''
am__EXEEXT_TRUE='#'
am__fastdepCC_FALSE='#'
am__fastdepCC_TRUE=''
am__fastdepCXX_FALSE='#'
am__fastdepCXX_TRUE=''
am__include='include'
am__isrc=''
am__leading_dot='.'
am__nodep='_no'
am__quote=''
am__tar='$${TAR-tar} chof - "$$tardir"'
am__untar='$${TAR-tar} xf -'
bindir='${exec_prefix}/bin'
build='x86_64-apple-darwin15.0.0'
build_alias=''
build_cpu='x86_64'
build_os='darwin15.0.0'
build_vendor='apple'
datadir='${datarootdir}'
datarootdir='${prefix}/share'
docdir='${datarootdir}/doc/${PACKAGE_TARNAME}'
dvidir='${docdir}'
exec_prefix='${prefix}'
host='x86_64-apple-darwin15.0.0'
host_alias=''
host_cpu='x86_64'
host_os='darwin15.0.0'
host_vendor='apple'
htmldir='${docdir}'
includedir='${prefix}/include'
infodir='${datarootdir}/info'
install_sh='${SHELL} /Users/callumc/Downloads/openSMILE-2.2rc1/install-sh'
libdir='${exec_prefix}/lib'
libexecdir='${exec_prefix}/libexec'
localedir='${datarootdir}/locale'
localstatedir='${prefix}/var'
mandir='${datarootdir}/man'
mkdir_p='$(MKDIR_P)'
oldincludedir='/usr/include'
pdfdir='${docdir}'
prefix='/usr/local'
program_transform_name='s,x,x,'
psdir='${docdir}'
sbindir='${exec_prefix}/sbin'
sharedstatedir='${prefix}/com'
sysconfdir='${prefix}/etc'
target_alias=''

## ----------- ##
## confdefs.h. ##
## ----------- ##

/* confdefs.h */
#define PACKAGE_NAME "openSMILE"
#define PACKAGE_TARNAME "opensmile"
#define PACKAGE_VERSION "2.0.0"
#define PACKAGE_STRING "openSMILE 2.0.0"
#define PACKAGE_BUGREPORT ""
#define PACKAGE_URL ""
#define PACKAGE "opensmile"
#define VERSION "2.0.0"
#define STDC_HEADERS 1
#define HAVE_SYS_TYPES_H 1
#define HAVE_SYS_STAT_H 1
#define HAVE_STDLIB_H 1
#define HAVE_STRING_H 1
#define HAVE_MEMORY_H 1
#define HAVE_STRINGS_H 1
#define HAVE_INTTYPES_H 1
#define HAVE_STDINT_H 1
#define HAVE_UNISTD_H 1
#define HAVE_DLFCN_H 1
#define LT_OBJDIR ".libs/"
#define HAVE_PORTAUDIO 1
#define HAVE_PORTAUDIO_V19 1
#define HAVE_PTHREAD 1
#define WITH_LIVEREC 1
#define __MACOS 1
#define __HAVENT_GNULIBS 1
#define HAVE_AUTOCONF 1

configure: exit 0
